[37.748s] DEBUG:colcon:Command line arguments: ['/usr/bin/colcon', 'build', '--packages-select', 'puzzlebot_control']
[37.748s] DEBUG:colcon:Parsed command line arguments: Namespace(allow_overriding=[], ament_cmake_args=None, base_paths=['.'], build_base='build', catkin_cmake_args=None, catkin_skip_building_tests=False, cmake_args=None, cmake_clean_cache=False, cmake_clean_first=False, cmake_force_configure=False, cmake_target=None, cmake_target_skip_unavailable=False, continue_on_error=False, event_handlers=None, executor='parallel', ignore_user_meta=False, install_base='install', log_base=None, log_level=None, main=<bound method BuildVerb.main of <colcon_core.verb.build.BuildVerb object at 0x7f877b0e50>>, merge_install=False, metas=['./colcon.meta'], packages_above=None, packages_above_and_dependencies=None, packages_above_depth=None, packages_end=None, packages_ignore=None, packages_ignore_regex=None, packages_select=['puzzlebot_control'], packages_select_build_failed=False, packages_select_by_dep=None, packages_select_regex=None, packages_select_test_failures=False, packages_skip=None, packages_skip_build_finished=False, packages_skip_by_dep=None, packages_skip_regex=None, packages_skip_test_passed=False, packages_skip_up_to=None, packages_start=None, packages_up_to=None, packages_up_to_regex=None, parallel_workers=4, paths=None, symlink_install=False, test_result_base=None, verb_extension=<colcon_core.verb.build.BuildVerb object at 0x7f877b0e50>, verb_name='build', verb_parser=<colcon_defaults.argument_parser.defaults.DefaultArgumentsDecorator object at 0x7f873a4400>)
[56.916s] Level 1:colcon.colcon_core.package_discovery:discover_packages(colcon_meta) check parameters
[57.182s] Level 1:colcon.colcon_core.package_discovery:discover_packages(recursive) check parameters
[57.183s] Level 1:colcon.colcon_core.package_discovery:discover_packages(ignore) check parameters
[57.183s] Level 1:colcon.colcon_core.package_discovery:discover_packages(path) check parameters
[57.183s] Level 1:colcon.colcon_core.package_discovery:discover_packages(colcon_meta) discover
[57.183s] Level 1:colcon.colcon_core.package_discovery:discover_packages(recursive) discover
[57.184s] INFO:colcon.colcon_core.package_discovery:Crawling recursively for packages in '/home/puzzlebot/ros2_ws/src'
[57.184s] Level 1:colcon.colcon_core.package_identification:_identify(.) by extensions ['ignore', 'ignore_ament_install']
[57.185s] Level 1:colcon.colcon_core.package_identification:_identify(.) by extension 'ignore'
[57.185s] Level 1:colcon.colcon_core.package_identification:_identify(.) by extension 'ignore_ament_install'
[57.186s] Level 1:colcon.colcon_core.package_identification:_identify(.) by extensions ['colcon_pkg']
[57.186s] Level 1:colcon.colcon_core.package_identification:_identify(.) by extension 'colcon_pkg'
[57.186s] Level 1:colcon.colcon_core.package_identification:_identify(.) by extensions ['colcon_meta']
[57.186s] Level 1:colcon.colcon_core.package_identification:_identify(.) by extension 'colcon_meta'
[57.187s] Level 1:colcon.colcon_core.package_identification:_identify(.) by extensions ['ros']
[57.187s] Level 1:colcon.colcon_core.package_identification:_identify(.) by extension 'ros'
[57.354s] Level 1:colcon.colcon_core.package_identification:_identify(.) by extensions ['cmake', 'python']
[57.355s] Level 1:colcon.colcon_core.package_identification:_identify(.) by extension 'cmake'
[57.355s] Level 1:colcon.colcon_core.package_identification:_identify(.) by extension 'python'
[57.356s] Level 1:colcon.colcon_core.package_identification:_identify(.) by extensions ['python_setup_py']
[57.356s] Level 1:colcon.colcon_core.package_identification:_identify(.) by extension 'python_setup_py'
[57.357s] Level 1:colcon.colcon_core.package_identification:_identify(build) by extensions ['ignore', 'ignore_ament_install']
[57.357s] Level 1:colcon.colcon_core.package_identification:_identify(build) by extension 'ignore'
[57.357s] Level 1:colcon.colcon_core.package_identification:_identify(build) ignored
[57.358s] Level 1:colcon.colcon_core.package_identification:_identify(install) by extensions ['ignore', 'ignore_ament_install']
[57.359s] Level 1:colcon.colcon_core.package_identification:_identify(install) by extension 'ignore'
[57.359s] Level 1:colcon.colcon_core.package_identification:_identify(install) ignored
[57.360s] Level 1:colcon.colcon_core.package_identification:_identify(log) by extensions ['ignore', 'ignore_ament_install']
[57.360s] Level 1:colcon.colcon_core.package_identification:_identify(log) by extension 'ignore'
[57.361s] Level 1:colcon.colcon_core.package_identification:_identify(log) ignored
[57.361s] Level 1:colcon.colcon_core.package_identification:_identify(mi_control_puzzlebot) by extensions ['ignore', 'ignore_ament_install']
[57.362s] Level 1:colcon.colcon_core.package_identification:_identify(mi_control_puzzlebot) by extension 'ignore'
[57.362s] Level 1:colcon.colcon_core.package_identification:_identify(mi_control_puzzlebot) by extension 'ignore_ament_install'
[57.362s] Level 1:colcon.colcon_core.package_identification:_identify(mi_control_puzzlebot) by extensions ['colcon_pkg']
[57.363s] Level 1:colcon.colcon_core.package_identification:_identify(mi_control_puzzlebot) by extension 'colcon_pkg'
[57.363s] Level 1:colcon.colcon_core.package_identification:_identify(mi_control_puzzlebot) by extensions ['colcon_meta']
[57.363s] Level 1:colcon.colcon_core.package_identification:_identify(mi_control_puzzlebot) by extension 'colcon_meta'
[57.364s] Level 1:colcon.colcon_core.package_identification:_identify(mi_control_puzzlebot) by extensions ['ros']
[57.366s] Level 1:colcon.colcon_core.package_identification:_identify(mi_control_puzzlebot) by extension 'ros'
[57.419s] DEBUG:colcon.colcon_core.package_identification:Package 'mi_control_puzzlebot' with type 'ros.ament_python' and name 'mi_control_puzzlebot'
[57.420s] Level 1:colcon.colcon_core.package_identification:_identify(my_navigation_system) by extensions ['ignore', 'ignore_ament_install']
[57.421s] Level 1:colcon.colcon_core.package_identification:_identify(my_navigation_system) by extension 'ignore'
[57.422s] Level 1:colcon.colcon_core.package_identification:_identify(my_navigation_system) by extension 'ignore_ament_install'
[57.422s] Level 1:colcon.colcon_core.package_identification:_identify(my_navigation_system) by extensions ['colcon_pkg']
[57.422s] Level 1:colcon.colcon_core.package_identification:_identify(my_navigation_system) by extension 'colcon_pkg'
[57.423s] Level 1:colcon.colcon_core.package_identification:_identify(my_navigation_system) by extensions ['colcon_meta']
[57.423s] Level 1:colcon.colcon_core.package_identification:_identify(my_navigation_system) by extension 'colcon_meta'
[57.423s] Level 1:colcon.colcon_core.package_identification:_identify(my_navigation_system) by extensions ['ros']
[57.423s] Level 1:colcon.colcon_core.package_identification:_identify(my_navigation_system) by extension 'ros'
[57.434s] DEBUG:colcon.colcon_core.package_identification:Package 'my_navigation_system' with type 'ros.ament_python' and name 'my_navigation_system'
[57.434s] Level 1:colcon.colcon_core.package_identification:_identify(open_loop_control) by extensions ['ignore', 'ignore_ament_install']
[57.435s] Level 1:colcon.colcon_core.package_identification:_identify(open_loop_control) by extension 'ignore'
[57.435s] Level 1:colcon.colcon_core.package_identification:_identify(open_loop_control) by extension 'ignore_ament_install'
[57.436s] Level 1:colcon.colcon_core.package_identification:_identify(open_loop_control) by extensions ['colcon_pkg']
[57.436s] Level 1:colcon.colcon_core.package_identification:_identify(open_loop_control) by extension 'colcon_pkg'
[57.436s] Level 1:colcon.colcon_core.package_identification:_identify(open_loop_control) by extensions ['colcon_meta']
[57.437s] Level 1:colcon.colcon_core.package_identification:_identify(open_loop_control) by extension 'colcon_meta'
[57.437s] Level 1:colcon.colcon_core.package_identification:_identify(open_loop_control) by extensions ['ros']
[57.437s] Level 1:colcon.colcon_core.package_identification:_identify(open_loop_control) by extension 'ros'
[57.448s] DEBUG:colcon.colcon_core.package_identification:Package 'open_loop_control' with type 'ros.ament_python' and name 'open_loop_control'
[57.449s] Level 1:colcon.colcon_core.package_identification:_identify(puzzlebot_control) by extensions ['ignore', 'ignore_ament_install']
[57.449s] Level 1:colcon.colcon_core.package_identification:_identify(puzzlebot_control) by extension 'ignore'
[57.450s] Level 1:colcon.colcon_core.package_identification:_identify(puzzlebot_control) by extension 'ignore_ament_install'
[57.450s] Level 1:colcon.colcon_core.package_identification:_identify(puzzlebot_control) by extensions ['colcon_pkg']
[57.450s] Level 1:colcon.colcon_core.package_identification:_identify(puzzlebot_control) by extension 'colcon_pkg'
[57.451s] Level 1:colcon.colcon_core.package_identification:_identify(puzzlebot_control) by extensions ['colcon_meta']
[57.451s] Level 1:colcon.colcon_core.package_identification:_identify(puzzlebot_control) by extension 'colcon_meta'
[57.451s] Level 1:colcon.colcon_core.package_identification:_identify(puzzlebot_control) by extensions ['ros']
[57.451s] Level 1:colcon.colcon_core.package_identification:_identify(puzzlebot_control) by extension 'ros'
[57.462s] DEBUG:colcon.colcon_core.package_identification:Package 'puzzlebot_control' with type 'ros.ament_python' and name 'puzzlebot_control'
[57.463s] Level 1:colcon.colcon_core.package_identification:_identify(puzzlebot_ros) by extensions ['ignore', 'ignore_ament_install']
[57.463s] Level 1:colcon.colcon_core.package_identification:_identify(puzzlebot_ros) by extension 'ignore'
[57.464s] Level 1:colcon.colcon_core.package_identification:_identify(puzzlebot_ros) by extension 'ignore_ament_install'
[57.464s] Level 1:colcon.colcon_core.package_identification:_identify(puzzlebot_ros) by extensions ['colcon_pkg']
[57.464s] Level 1:colcon.colcon_core.package_identification:_identify(puzzlebot_ros) by extension 'colcon_pkg'
[57.465s] Level 1:colcon.colcon_core.package_identification:_identify(puzzlebot_ros) by extensions ['colcon_meta']
[57.465s] Level 1:colcon.colcon_core.package_identification:_identify(puzzlebot_ros) by extension 'colcon_meta'
[57.465s] Level 1:colcon.colcon_core.package_identification:_identify(puzzlebot_ros) by extensions ['ros']
[57.466s] Level 1:colcon.colcon_core.package_identification:_identify(puzzlebot_ros) by extension 'ros'
[57.480s] DEBUG:colcon.colcon_core.package_identification:Package 'puzzlebot_ros' with type 'ros.ament_python' and name 'puzzlebot_ros'
[57.480s] Level 1:colcon.colcon_core.package_discovery:discover_packages(recursive) using defaults
[57.481s] Level 1:colcon.colcon_core.package_discovery:discover_packages(ignore) discover
[57.481s] Level 1:colcon.colcon_core.package_discovery:discover_packages(ignore) using defaults
[57.481s] Level 1:colcon.colcon_core.package_discovery:discover_packages(path) discover
[57.481s] Level 1:colcon.colcon_core.package_discovery:discover_packages(path) using defaults
[59.268s] INFO:colcon.colcon_core.package_selection:Skipping not selected package 'mi_control_puzzlebot' in 'mi_control_puzzlebot'
[59.269s] INFO:colcon.colcon_core.package_selection:Skipping not selected package 'my_navigation_system' in 'my_navigation_system'
[59.270s] INFO:colcon.colcon_core.package_selection:Skipping not selected package 'open_loop_control' in 'open_loop_control'
[59.270s] INFO:colcon.colcon_core.package_selection:Skipping not selected package 'puzzlebot_ros' in 'puzzlebot_ros'
[61.503s] Level 1:colcon.colcon_core.package_discovery:discover_packages(prefix_path) check parameters
[61.504s] Level 1:colcon.colcon_core.package_discovery:discover_packages(prefix_path) discover
[62.267s] DEBUG:colcon.colcon_installed_package_information.package_discovery:Found 4 installed packages in /home/puzzlebot/ros2_ws/install
[62.540s] DEBUG:colcon.colcon_installed_package_information.package_discovery:Found 5 installed packages in /home/puzzlebot/ros2_packages_ws/install
[62.780s] DEBUG:colcon.colcon_installed_package_information.package_discovery:Found 277 installed packages in /opt/ros/humble
[62.788s] Level 1:colcon.colcon_core.package_discovery:discover_packages(prefix_path) using defaults
[99.467s] Level 5:colcon.colcon_core.verb:set package 'puzzlebot_control' build argument 'cmake_args' from command line to 'None'
[99.467s] Level 5:colcon.colcon_core.verb:set package 'puzzlebot_control' build argument 'cmake_target' from command line to 'None'
[99.467s] Level 5:colcon.colcon_core.verb:set package 'puzzlebot_control' build argument 'cmake_target_skip_unavailable' from command line to 'False'
[99.467s] Level 5:colcon.colcon_core.verb:set package 'puzzlebot_control' build argument 'cmake_clean_cache' from command line to 'False'
[99.468s] Level 5:colcon.colcon_core.verb:set package 'puzzlebot_control' build argument 'cmake_clean_first' from command line to 'False'
[99.468s] Level 5:colcon.colcon_core.verb:set package 'puzzlebot_control' build argument 'cmake_force_configure' from command line to 'False'
[99.468s] Level 5:colcon.colcon_core.verb:set package 'puzzlebot_control' build argument 'ament_cmake_args' from command line to 'None'
[99.468s] Level 5:colcon.colcon_core.verb:set package 'puzzlebot_control' build argument 'catkin_cmake_args' from command line to 'None'
[99.468s] Level 5:colcon.colcon_core.verb:set package 'puzzlebot_control' build argument 'catkin_skip_building_tests' from command line to 'False'
[99.468s] DEBUG:colcon.colcon_core.verb:Building package 'puzzlebot_control' with the following arguments: {'ament_cmake_args': None, 'build_base': '/home/puzzlebot/ros2_ws/src/build/puzzlebot_control', 'catkin_cmake_args': None, 'catkin_skip_building_tests': False, 'cmake_args': None, 'cmake_clean_cache': False, 'cmake_clean_first': False, 'cmake_force_configure': False, 'cmake_target': None, 'cmake_target_skip_unavailable': False, 'install_base': '/home/puzzlebot/ros2_ws/src/install/puzzlebot_control', 'merge_install': False, 'path': '/home/puzzlebot/ros2_ws/src/puzzlebot_control', 'symlink_install': False, 'test_result_base': None}
[99.662s] INFO:colcon.colcon_core.executor:Executing jobs using 'parallel' executor
[99.875s] DEBUG:colcon.colcon_parallel_executor.executor.parallel:run_until_complete
[99.876s] INFO:colcon.colcon_ros.task.ament_python.build:Building ROS package in '/home/puzzlebot/ros2_ws/src/puzzlebot_control' with build type 'ament_python'
[99.876s] Level 1:colcon.colcon_core.shell:create_environment_hook('puzzlebot_control', 'ament_prefix_path')
[102.859s] INFO:colcon.colcon_core.plugin_system:Skipping extension 'colcon_core.shell.bat': Not used on non-Windows systems
[107.549s] INFO:colcon.colcon_core.shell:Creating environment hook '/home/puzzlebot/ros2_ws/src/install/puzzlebot_control/share/puzzlebot_control/hook/ament_prefix_path.ps1'
[107.567s] INFO:colcon.colcon_core.shell:Creating environment descriptor '/home/puzzlebot/ros2_ws/src/install/puzzlebot_control/share/puzzlebot_control/hook/ament_prefix_path.dsv'
[107.577s] INFO:colcon.colcon_core.shell:Creating environment hook '/home/puzzlebot/ros2_ws/src/install/puzzlebot_control/share/puzzlebot_control/hook/ament_prefix_path.sh'
[107.843s] INFO:colcon.colcon_core.shell:Skip shell extension 'powershell' for command environment: Not usable outside of PowerShell
[107.843s] DEBUG:colcon.colcon_core.shell:Skip shell extension 'dsv' for command environment
[126.601s] INFO:colcon.colcon_core.task.python.build:Building Python package in '/home/puzzlebot/ros2_ws/src/puzzlebot_control'
[126.874s] INFO:colcon.colcon_core.shell:Skip shell extension 'powershell' for command environment: Not usable outside of PowerShell
[126.874s] DEBUG:colcon.colcon_core.shell:Skip shell extension 'dsv' for command environment
[160.033s] DEBUG:colcon.colcon_core.event_handler.log_command:Invoking command in '/home/puzzlebot/ros2_ws/src/puzzlebot_control': PYTHONPATH=/home/puzzlebot/ros2_ws/src/build/puzzlebot_control/prefix_override:/home/puzzlebot/ros2_ws/src/install/puzzlebot_control/lib/python3.8/site-packages:${PYTHONPATH} /usr/bin/python3 setup.py egg_info --egg-base ../build/puzzlebot_control build --build-base /home/puzzlebot/ros2_ws/src/build/puzzlebot_control/build install --record /home/puzzlebot/ros2_ws/src/build/puzzlebot_control/install.log --single-version-externally-managed
[164.863s] DEBUG:colcon.colcon_core.event_handler.log_command:Invoked command in '/home/puzzlebot/ros2_ws/src/puzzlebot_control' returned '0': PYTHONPATH=/home/puzzlebot/ros2_ws/src/build/puzzlebot_control/prefix_override:/home/puzzlebot/ros2_ws/src/install/puzzlebot_control/lib/python3.8/site-packages:${PYTHONPATH} /usr/bin/python3 setup.py egg_info --egg-base ../build/puzzlebot_control build --build-base /home/puzzlebot/ros2_ws/src/build/puzzlebot_control/build install --record /home/puzzlebot/ros2_ws/src/build/puzzlebot_control/install.log --single-version-externally-managed
[168.011s] Level 1:colcon.colcon_core.environment:checking '/home/puzzlebot/ros2_ws/src/install/puzzlebot_control' for CMake module files
[168.014s] Level 1:colcon.colcon_core.environment:checking '/home/puzzlebot/ros2_ws/src/install/puzzlebot_control' for CMake config files
[168.018s] Level 1:colcon.colcon_core.environment:checking '/home/puzzlebot/ros2_ws/src/install/puzzlebot_control/lib'
[168.018s] Level 1:colcon.colcon_core.environment:checking '/home/puzzlebot/ros2_ws/src/install/puzzlebot_control/bin'
[168.019s] Level 1:colcon.colcon_core.environment:checking '/home/puzzlebot/ros2_ws/src/install/puzzlebot_control/lib/pkgconfig/puzzlebot_control.pc'
[168.020s] Level 1:colcon.colcon_core.environment:checking '/home/puzzlebot/ros2_ws/src/install/puzzlebot_control/lib/python3.8/site-packages'
[168.020s] Level 1:colcon.colcon_core.shell:create_environment_hook('puzzlebot_control', 'pythonpath')
[168.231s] INFO:colcon.colcon_core.shell:Creating environment hook '/home/puzzlebot/ros2_ws/src/install/puzzlebot_control/share/puzzlebot_control/hook/pythonpath.ps1'
[168.233s] INFO:colcon.colcon_core.shell:Creating environment descriptor '/home/puzzlebot/ros2_ws/src/install/puzzlebot_control/share/puzzlebot_control/hook/pythonpath.dsv'
[168.234s] INFO:colcon.colcon_core.shell:Creating environment hook '/home/puzzlebot/ros2_ws/src/install/puzzlebot_control/share/puzzlebot_control/hook/pythonpath.sh'
[168.237s] Level 1:colcon.colcon_core.environment:checking '/home/puzzlebot/ros2_ws/src/install/puzzlebot_control/bin'
[168.237s] Level 1:colcon.colcon_core.environment:create_environment_scripts_only(puzzlebot_control)
[168.492s] INFO:colcon.colcon_core.shell:Creating package script '/home/puzzlebot/ros2_ws/src/install/puzzlebot_control/share/puzzlebot_control/package.ps1'
[169.197s] INFO:colcon.colcon_core.shell:Creating package descriptor '/home/puzzlebot/ros2_ws/src/install/puzzlebot_control/share/puzzlebot_control/package.dsv'
[169.213s] INFO:colcon.colcon_core.shell:Creating package script '/home/puzzlebot/ros2_ws/src/install/puzzlebot_control/share/puzzlebot_control/package.sh'
[169.232s] INFO:colcon.colcon_core.shell:Creating package script '/home/puzzlebot/ros2_ws/src/install/puzzlebot_control/share/puzzlebot_control/package.bash'
[170.414s] INFO:colcon.colcon_core.shell:Creating package script '/home/puzzlebot/ros2_ws/src/install/puzzlebot_control/share/puzzlebot_control/package.zsh'
[170.421s] Level 1:colcon.colcon_core.environment:create_file_with_runtime_dependencies(/home/puzzlebot/ros2_ws/src/install/puzzlebot_control/share/colcon-core/packages/puzzlebot_control)
[170.422s] DEBUG:colcon.colcon_parallel_executor.executor.parallel:closing loop
[170.423s] DEBUG:colcon.colcon_parallel_executor.executor.parallel:loop closed
[170.424s] DEBUG:colcon.colcon_parallel_executor.executor.parallel:run_until_complete finished with '0'
[170.424s] DEBUG:colcon.colcon_core.event_reactor:joining thread
[182.306s] INFO:colcon.colcon_core.plugin_system:Skipping extension 'colcon_notification.desktop_notification.terminal_notifier': Not used on non-Darwin systems
[187.246s] INFO:colcon.colcon_core.plugin_system:Skipping extension 'colcon_notification.desktop_notification.win32': Not used on non-Windows systems
[187.247s] INFO:colcon.colcon_notification.desktop_notification:Sending desktop notification using 'notify2'
[187.297s] DEBUG:colcon.colcon_core.event_reactor:joined thread
[187.637s] INFO:colcon.colcon_core.shell:Creating prefix script '/home/puzzlebot/ros2_ws/src/install/local_setup.ps1'
[187.683s] INFO:colcon.colcon_core.shell:Creating prefix util module '/home/puzzlebot/ros2_ws/src/install/_local_setup_util_ps1.py'
[187.707s] INFO:colcon.colcon_core.shell:Creating prefix chain script '/home/puzzlebot/ros2_ws/src/install/setup.ps1'
[188.012s] INFO:colcon.colcon_core.shell:Creating prefix script '/home/puzzlebot/ros2_ws/src/install/local_setup.sh'
[188.085s] INFO:colcon.colcon_core.shell:Creating prefix util module '/home/puzzlebot/ros2_ws/src/install/_local_setup_util_sh.py'
[188.087s] INFO:colcon.colcon_core.shell:Creating prefix chain script '/home/puzzlebot/ros2_ws/src/install/setup.sh'
[190.200s] INFO:colcon.colcon_core.shell:Creating prefix script '/home/puzzlebot/ros2_ws/src/install/local_setup.bash'
[190.204s] INFO:colcon.colcon_core.shell:Creating prefix chain script '/home/puzzlebot/ros2_ws/src/install/setup.bash'
[191.379s] INFO:colcon.colcon_core.shell:Creating prefix script '/home/puzzlebot/ros2_ws/src/install/local_setup.zsh'
[191.390s] INFO:colcon.colcon_core.shell:Creating prefix chain script '/home/puzzlebot/ros2_ws/src/install/setup.zsh'
