[97.981s] Invoking command in '/home/puzzlebot/ros2_ws/src/puzzlebot_control': PYTHONPATH=/home/puzzlebot/ros2_ws/src/build/puzzlebot_control/prefix_override:/home/puzzlebot/ros2_ws/src/install/puzzlebot_control/lib/python3.8/site-packages:${PYTHONPATH} /usr/bin/python3 setup.py egg_info --egg-base ../build/puzzlebot_control build --build-base /home/puzzlebot/ros2_ws/src/build/puzzlebot_control/build install --record /home/puzzlebot/ros2_ws/src/build/puzzlebot_control/install.log --single-version-externally-managed
[99.627s] running egg_info
[99.629s] creating ../build/puzzlebot_control/puzzlebot_control.egg-info
[99.630s] writing ../build/puzzlebot_control/puzzlebot_control.egg-info/PKG-INFO
[99.631s] writing dependency_links to ../build/puzzlebot_control/puzzlebot_control.egg-info/dependency_links.txt
[99.632s] writing entry points to ../build/puzzlebot_control/puzzlebot_control.egg-info/entry_points.txt
[99.632s] writing requirements to ../build/puzzlebot_control/puzzlebot_control.egg-info/requires.txt
[99.632s] writing top-level names to ../build/puzzlebot_control/puzzlebot_control.egg-info/top_level.txt
[99.633s] writing manifest file '../build/puzzlebot_control/puzzlebot_control.egg-info/SOURCES.txt'
[99.799s] reading manifest file '../build/puzzlebot_control/puzzlebot_control.egg-info/SOURCES.txt'
[99.802s] writing manifest file '../build/puzzlebot_control/puzzlebot_control.egg-info/SOURCES.txt'
[99.803s] running build
[99.803s] running build_py
[99.804s] creating /home/puzzlebot/ros2_ws/src/build/puzzlebot_control/build
[99.804s] creating /home/puzzlebot/ros2_ws/src/build/puzzlebot_control/build/lib
[99.805s] creating /home/puzzlebot/ros2_ws/src/build/puzzlebot_control/build/lib/puzzlebot_control
[99.805s] copying puzzlebot_control/__init__.py -> /home/puzzlebot/ros2_ws/src/build/puzzlebot_control/build/lib/puzzlebot_control
[99.806s] copying puzzlebot_control/open_loop_ctrl.py -> /home/puzzlebot/ros2_ws/src/build/puzzlebot_control/build/lib/puzzlebot_control
[99.834s] running install
[99.844s] running install_lib
[99.851s] creating /home/puzzlebot/ros2_ws/src/install/puzzlebot_control/lib/python3.8/site-packages/puzzlebot_control
[99.852s] copying /home/puzzlebot/ros2_ws/src/build/puzzlebot_control/build/lib/puzzlebot_control/__init__.py -> /home/puzzlebot/ros2_ws/src/install/puzzlebot_control/lib/python3.8/site-packages/puzzlebot_control
[99.852s] copying /home/puzzlebot/ros2_ws/src/build/puzzlebot_control/build/lib/puzzlebot_control/open_loop_ctrl.py -> /home/puzzlebot/ros2_ws/src/install/puzzlebot_control/lib/python3.8/site-packages/puzzlebot_control
[99.857s] byte-compiling /home/puzzlebot/ros2_ws/src/install/puzzlebot_control/lib/python3.8/site-packages/puzzlebot_control/__init__.py to __init__.cpython-38.pyc
[99.858s] byte-compiling /home/puzzlebot/ros2_ws/src/install/puzzlebot_control/lib/python3.8/site-packages/puzzlebot_control/open_loop_ctrl.py to open_loop_ctrl.cpython-38.pyc
[99.858s] running install_data
[99.861s] creating /home/puzzlebot/ros2_ws/src/install/puzzlebot_control/share/ament_index
[99.861s] creating /home/puzzlebot/ros2_ws/src/install/puzzlebot_control/share/ament_index/resource_index
[99.862s] creating /home/puzzlebot/ros2_ws/src/install/puzzlebot_control/share/ament_index/resource_index/packages
[99.862s] copying resource/puzzlebot_control -> /home/puzzlebot/ros2_ws/src/install/puzzlebot_control/share/ament_index/resource_index/packages
[99.863s] copying package.xml -> /home/puzzlebot/ros2_ws/src/install/puzzlebot_control/share/puzzlebot_control
[99.863s] running install_egg_info
[99.921s] Copying ../build/puzzlebot_control/puzzlebot_control.egg-info to /home/puzzlebot/ros2_ws/src/install/puzzlebot_control/lib/python3.8/site-packages/puzzlebot_control-0.0.0-py3.8.egg-info
[99.925s] running install_scripts
[100.090s] Installing open_loop_ctrl script to /home/puzzlebot/ros2_ws/src/install/puzzlebot_control/lib/puzzlebot_control
[100.091s] writing list of installed files to '/home/puzzlebot/ros2_ws/src/build/puzzlebot_control/install.log'
[100.198s] Invoked command in '/home/puzzlebot/ros2_ws/src/puzzlebot_control' returned '0': PYTHONPATH=/home/puzzlebot/ros2_ws/src/build/puzzlebot_control/prefix_override:/home/puzzlebot/ros2_ws/src/install/puzzlebot_control/lib/python3.8/site-packages:${PYTHONPATH} /usr/bin/python3 setup.py egg_info --egg-base ../build/puzzlebot_control build --build-base /home/puzzlebot/ros2_ws/src/build/puzzlebot_control/build install --record /home/puzzlebot/ros2_ws/src/build/puzzlebot_control/install.log --single-version-externally-managed
